0	10:07:38.344	pipMA-v6 USDJPY,H1: uninit reason 2
0	10:07:38.407	Custom indicator pipMA-v6 USDJPY,H1: removed
0	10:07:38.438	Custom indicator pipMA-v6 USDJPY,H1: loaded successfully
0	10:07:38.532	pipMA-v6 USDJPY,H1: Before:   Bar Now 2796 2016.07.21 11:00 Major LONG
0	10:07:38.532	pipMA-v6 USDJPY,H1:       --> Origin: 2863 (o)T:106.464 (o)B:105.264 (o)P:105.264
0	10:07:38.532	pipMA-v6 USDJPY,H1:       --> Expansion: 2803 (e)T:107.484 (e)B:105.264 (e)P:107.484
0	10:07:38.532	pipMA-v6 USDJPY,H1:       --> Top Leg: Expansion @2803 (p):107.484
0	10:07:38.532	pipMA-v6 USDJPY,H1:       --> Bottom Leg: Root @2863 (p):105.264
0	10:07:38.532	pipMA-v6 USDJPY,H1:       --> Origin Peg (Divergent)
0	10:07:38.532	pipMA-v6 USDJPY,H1: After @:  Breakout LONG
0	10:07:38.532	pipMA-v6 USDJPY,H1:       --> 2863 (o)T:107.484 (o)B:105.264 (o)P:105.264
0	10:07:38.532	pipMA-v6 USDJPY,H1:       --> Expansion Top @:2803 107.484 (a) 107.484
0	10:07:38.532	pipMA-v6 USDJPY,H1:       --> Root Bottom @:2863 105.264 (a) 105.264
0	10:07:38.532	pipMA-v6 USDJPY,H1: Before:   Bar Now 2732 2016.07.26 03:00 Origin LONG
0	10:07:38.532	pipMA-v6 USDJPY,H1:       --> Origin: 2863 (o)T:107.484 (o)B:105.264 (o)P:105.264
0	10:07:38.532	pipMA-v6 USDJPY,H1:       --> Expansion: 2732 (e)T:107.484 (e)B:104.901 (e)P:104.901
0	10:07:38.532	pipMA-v6 USDJPY,H1:       --> Top Leg: Root @2803 (p):107.484
0	10:07:38.532	pipMA-v6 USDJPY,H1:       --> Bottom Leg: Expansion @2732 (p):104.901
0	10:07:38.532	pipMA-v6 USDJPY,H1:       --> New Origin
0	10:07:38.532	pipMA-v6 USDJPY,H1:       --> Origin Reversal
0	10:07:38.532	pipMA-v6 USDJPY,H1:       --> (e)Reversal: New Origin Top & Bottom
0	10:07:38.532	pipMA-v6 USDJPY,H1: After @:  Reversal SHORT
0	10:07:38.532	pipMA-v6 USDJPY,H1:       --> 2803 (o)T:107.484 (o)B:105.264 (o)P:107.484
0	10:07:38.532	pipMA-v6 USDJPY,H1:       --> Root Top @:2803 107.484 (a) 107.484
0	10:07:38.532	pipMA-v6 USDJPY,H1:       --> Expansion Bottom @:2732 104.901 (a) 104.901
0	10:07:38.532	pipMA-v6 USDJPY,H1: Before:   Bar Now 2707 2016.07.27 04:00 Major SHORT
0	10:07:38.532	pipMA-v6 USDJPY,H1:       --> Origin: 2803 (o)T:107.484 (o)B:105.264 (o)P:107.484
0	10:07:38.532	pipMA-v6 USDJPY,H1:       --> Expansion: 2725 (e)T:107.484 (e)B:103.986 (e)P:103.986
0	10:07:38.532	pipMA-v6 USDJPY,H1:       --> Top Leg: Root @2803 (p):107.484
0	10:07:38.532	pipMA-v6 USDJPY,H1:       --> Bottom Leg: Expansion @2725 (p):103.986
0	10:07:38.532	pipMA-v6 USDJPY,H1:       --> Origin Peg (Divergent)
0	10:07:38.532	pipMA-v6 USDJPY,H1: After @:  Reversal SHORT
0	10:07:38.532	pipMA-v6 USDJPY,H1:       --> 2803 (o)T:107.484 (o)B:103.986 (o)P:107.484
0	10:07:38.532	pipMA-v6 USDJPY,H1:       --> Root Top @:2803 107.484 (a) 107.484
0	10:07:38.532	pipMA-v6 USDJPY,H1:       --> Expansion Bottom @:2725 103.986 (a) 103.986
0	10:07:38.532	pipMA-v6 USDJPY,H1: Before:   Bar Now 2662 2016.07.29 01:00 Origin SHORT
0	10:07:38.532	pipMA-v6 USDJPY,H1:       --> Origin: 2803 (o)T:107.484 (o)B:103.986 (o)P:107.484
0	10:07:38.532	pipMA-v6 USDJPY,H1:       --> Expansion: 2662 (e)T:106.537 (e)B:103.364 (e)P:103.364
0	10:07:38.532	pipMA-v6 USDJPY,H1:       --> Top Leg: Prior @2803 (p):107.484
0	10:07:38.532	pipMA-v6 USDJPY,H1:       --> Bottom Leg: Expansion @2662 (p):103.364
0	10:07:38.532	pipMA-v6 USDJPY,H1:       --> New Origin
0	10:07:38.532	pipMA-v6 USDJPY,H1:       --> Origin Breakout
0	10:07:38.532	pipMA-v6 USDJPY,H1:       --> (e)Breakout: New Origin Top OR Bottom
0	10:07:38.532	pipMA-v6 USDJPY,H1: After @:  Breakout SHORT
0	10:07:38.532	pipMA-v6 USDJPY,H1:       --> 2803 (o)T:107.484 (o)B:103.986 (o)P:107.484
0	10:07:38.532	pipMA-v6 USDJPY,H1:       --> Prior Top @:2803 107.484 (a) 107.484
0	10:07:38.532	pipMA-v6 USDJPY,H1:       --> Expansion Bottom @:2662 103.364 (a) 103.364
0	10:07:38.532	pipMA-v6 USDJPY,H1: Before:   Bar Now 2661 2016.07.29 02:00 Major SHORT
0	10:07:38.532	pipMA-v6 USDJPY,H1:       --> Origin: 2803 (o)T:107.484 (o)B:103.986 (o)P:107.484
0	10:07:38.532	pipMA-v6 USDJPY,H1:       --> Expansion: 2662 (e)T:106.537 (e)B:103.364 (e)P:103.364
0	10:07:38.532	pipMA-v6 USDJPY,H1:       --> Top Leg: Prior @2803 (p):107.484
0	10:07:38.532	pipMA-v6 USDJPY,H1:       --> Bottom Leg: Expansion @2662 (p):103.364
0	10:07:38.532	pipMA-v6 USDJPY,H1:       --> Origin Peg (Divergent)
0	10:07:38.532	pipMA-v6 USDJPY,H1: After @:  Breakout SHORT
0	10:07:38.532	pipMA-v6 USDJPY,H1:       --> 2803 (o)T:107.484 (o)B:103.364 (o)P:107.484
0	10:07:38.532	pipMA-v6 USDJPY,H1:       --> Prior Top @:2803 107.484 (a) 107.484
0	10:07:38.532	pipMA-v6 USDJPY,H1:       --> Expansion Bottom @:2662 103.364 (a) 103.364
0	10:07:38.532	pipMA-v6 USDJPY,H1: Before:   Bar Now 2657 2016.07.29 06:00 Origin SHORT
0	10:07:38.532	pipMA-v6 USDJPY,H1:       --> Origin: 2803 (o)T:107.484 (o)B:103.364 (o)P:107.484
0	10:07:38.532	pipMA-v6 USDJPY,H1:       --> Expansion: 2657 (e)T:104.949 (e)B:102.696 (e)P:102.696
0	10:07:38.532	pipMA-v6 USDJPY,H1:       --> Top Leg: Trend @2803 (p):107.484
0	10:07:38.532	pipMA-v6 USDJPY,H1:       --> Bottom Leg: Expansion @2657 (p):102.696
0	10:07:38.532	pipMA-v6 USDJPY,H1:       --> New Origin
0	10:07:38.532	pipMA-v6 USDJPY,H1:       --> Origin Breakout
0	10:07:38.532	pipMA-v6 USDJPY,H1:       --> (e)Breakout: New Origin Top OR Bottom
0	10:07:38.532	pipMA-v6 USDJPY,H1: After @:  Breakout SHORT
0	10:07:38.532	pipMA-v6 USDJPY,H1:       --> 2803 (o)T:107.484 (o)B:103.364 (o)P:107.484
0	10:07:38.532	pipMA-v6 USDJPY,H1:       --> Trend Top @:2803 107.484 (a) 107.484
0	10:07:38.532	pipMA-v6 USDJPY,H1:       --> Expansion Bottom @:2657 102.696 (a) 102.696
0	10:07:38.532	pipMA-v6 USDJPY,H1: Before:   Bar Now 2652 2016.07.29 11:00 Major SHORT
0	10:07:38.532	pipMA-v6 USDJPY,H1:       --> Origin: 2803 (o)T:107.484 (o)B:103.364 (o)P:107.484
0	10:07:38.532	pipMA-v6 USDJPY,H1:       --> Expansion: 2657 (e)T:104.949 (e)B:102.696 (e)P:102.696
0	10:07:38.532	pipMA-v6 USDJPY,H1:       --> Top Leg: Trend @2803 (p):107.484
0	10:07:38.532	pipMA-v6 USDJPY,H1:       --> Bottom Leg: Expansion @2657 (p):102.696
0	10:07:38.532	pipMA-v6 USDJPY,H1:       --> Origin Peg (Divergent)
0	10:07:38.532	pipMA-v6 USDJPY,H1: After @:  Breakout SHORT
0	10:07:38.532	pipMA-v6 USDJPY,H1:       --> 2803 (o)T:107.484 (o)B:102.696 (o)P:107.484
0	10:07:38.532	pipMA-v6 USDJPY,H1:       --> Trend Top @:2803 107.484 (a) 107.484
0	10:07:38.532	pipMA-v6 USDJPY,H1:       --> Expansion Bottom @:2657 102.696 (a) 102.696
0	10:07:38.532	pipMA-v6 USDJPY,H1: Before:   Bar Now 2647 2016.07.29 16:00 Origin SHORT
0	10:07:38.532	pipMA-v6 USDJPY,H1:       --> Origin: 2803 (o)T:107.484 (o)B:102.696 (o)P:107.484
0	10:07:38.532	pipMA-v6 USDJPY,H1:       --> Expansion: 2647 (e)T:103.963 (e)B:102.611 (e)P:102.611
0	10:07:38.532	pipMA-v6 USDJPY,H1:       --> Top Leg: Trend @2705 (p):106.537
0	10:07:38.532	pipMA-v6 USDJPY,H1:       --> Bottom Leg: Expansion @2647 (p):102.611
0	10:07:38.532	pipMA-v6 USDJPY,H1:       --> New Origin
0	10:07:38.532	pipMA-v6 USDJPY,H1:       --> Origin Breakout
0	10:07:38.532	pipMA-v6 USDJPY,H1:       --> (e)Breakout: New Origin Top OR Bottom
0	10:07:38.532	pipMA-v6 USDJPY,H1: After @:  Breakout SHORT
0	10:07:38.532	pipMA-v6 USDJPY,H1:       --> 2803 (o)T:107.484 (o)B:102.696 (o)P:107.484
0	10:07:38.532	pipMA-v6 USDJPY,H1:       --> Trend Top @:2705 106.537 (a) 106.537
0	10:07:38.532	pipMA-v6 USDJPY,H1:       --> Expansion Bottom @:2647 102.611 (a) 102.611
0	10:07:38.532	pipMA-v6 USDJPY,H1: Before:   Bar Now 2527 2016.08.05 16:00 Major SHORT
0	10:07:38.532	pipMA-v6 USDJPY,H1:       --> Origin: 2803 (o)T:107.484 (o)B:102.696 (o)P:107.484
0	10:07:38.532	pipMA-v6 USDJPY,H1:       --> Expansion: 2595 (e)T:103.963 (e)B:100.671 (e)P:100.671
0	10:07:38.532	pipMA-v6 USDJPY,H1:       --> Top Leg: Trend @2705 (p):106.537
0	10:07:38.532	pipMA-v6 USDJPY,H1:       --> Bottom Leg: Expansion @2595 (p):100.671
0	10:07:38.532	pipMA-v6 USDJPY,H1:       --> Origin Peg (Divergent)
0	10:07:38.532	pipMA-v6 USDJPY,H1: After @:  Breakout SHORT
0	10:07:38.532	pipMA-v6 USDJPY,H1:       --> 2803 (o)T:107.484 (o)B:100.671 (o)P:107.484
0	10:07:38.532	pipMA-v6 USDJPY,H1:       --> Trend Top @:2705 106.537 (a) 106.537
0	10:07:38.532	pipMA-v6 USDJPY,H1:       --> Expansion Bottom @:2595 100.671 (a) 100.671
0	10:07:38.548	pipMA-v6 USDJPY,H1: Before:   Bar Now 2370 2016.08.16 05:00 Origin SHORT
0	10:07:38.548	pipMA-v6 USDJPY,H1:       --> Origin: 2803 (o)T:107.484 (o)B:100.671 (o)P:107.484
0	10:07:38.548	pipMA-v6 USDJPY,H1:       --> Expansion: 2370 (e)T:102.647 (e)B:100.524 (e)P:100.524
0	10:07:38.548	pipMA-v6 USDJPY,H1:       --> Top Leg: Trend @2661 (p):104.949
0	10:07:38.548	pipMA-v6 USDJPY,H1:       --> Bottom Leg: Expansion @2370 (p):100.524
0	10:07:38.548	pipMA-v6 USDJPY,H1:       --> New Origin
0	10:07:38.548	pipMA-v6 USDJPY,H1:       --> Origin Breakout
0	10:07:38.548	pipMA-v6 USDJPY,H1:       --> (e)Breakout: New Origin Top OR Bottom
0	10:07:38.548	pipMA-v6 USDJPY,H1: After @:  Breakout SHORT
0	10:07:38.548	pipMA-v6 USDJPY,H1:       --> 2803 (o)T:107.484 (o)B:100.671 (o)P:107.484
0	10:07:38.548	pipMA-v6 USDJPY,H1:       --> Trend Top @:2661 104.949 (a) 104.949
0	10:07:38.548	pipMA-v6 USDJPY,H1:       --> Expansion Bottom @:2370 100.524 (a) 100.524
0	10:07:38.548	pipMA-v6 USDJPY,H1: Before:   Bar Now 2344 2016.08.17 07:00 Major SHORT
0	10:07:38.548	pipMA-v6 USDJPY,H1:       --> Origin: 2803 (o)T:107.484 (o)B:100.671 (o)P:107.484
0	10:07:38.548	pipMA-v6 USDJPY,H1:       --> Expansion: 2360 (e)T:102.647 (e)B:99.533 (e)P:99.533
0	10:07:38.548	pipMA-v6 USDJPY,H1:       --> Top Leg: Trend @2661 (p):104.949
0	10:07:38.548	pipMA-v6 USDJPY,H1:       --> Bottom Leg: Expansion @2360 (p):99.533
0	10:07:38.548	pipMA-v6 USDJPY,H1:       --> Origin Peg (Divergent)
0	10:07:38.548	pipMA-v6 USDJPY,H1: After @:  Breakout SHORT
0	10:07:38.548	pipMA-v6 USDJPY,H1:       --> 2803 (o)T:107.484 (o)B:99.533 (o)P:107.484
0	10:07:38.548	pipMA-v6 USDJPY,H1:       --> Trend Top @:2661 104.949 (a) 104.949
0	10:07:38.548	pipMA-v6 USDJPY,H1:       --> Expansion Bottom @:2360 99.533 (a) 99.533
0	10:07:38.548	pipMA-v6 USDJPY,H1: Before:   Bar Now 2165 2016.08.26 18:00 Major SHORT
0	10:07:38.548	pipMA-v6 USDJPY,H1:       --> Origin: 2803 (o)T:107.484 (o)B:99.533 (o)P:107.484
0	10:07:38.548	pipMA-v6 USDJPY,H1:       --> Expansion: 2360 (e)T:102.647 (e)B:99.533 (e)P:99.533
0	10:07:38.548	pipMA-v6 USDJPY,H1:       --> Top Leg: Trend @2661 (p):104.949
0	10:07:38.548	pipMA-v6 USDJPY,H1:       --> Bottom Leg: Expansion @2360 (p):99.533
0	10:07:38.548	pipMA-v6 USDJPY,H1:       --> Origin Peg (Divergent)
0	10:07:38.548	pipMA-v6 USDJPY,H1: After @:  Breakout SHORT
0	10:07:38.548	pipMA-v6 USDJPY,H1:       --> 2803 (o)T:107.484 (o)B:99.533 (o)P:107.484
0	10:07:38.548	pipMA-v6 USDJPY,H1:       --> Trend Top @:2661 104.949 (a) 104.949
0	10:07:38.548	pipMA-v6 USDJPY,H1:       --> Expansion Bottom @:2360 99.533 (a) 99.533
0	10:07:38.548	pipMA-v6 USDJPY,H1: Before:   Bar Now 2119 2016.08.30 16:00 Major Reversal SHORT
0	10:07:38.548	pipMA-v6 USDJPY,H1:       --> Origin: 2803 (o)T:107.484 (o)B:99.533 (o)P:107.484
0	10:07:38.548	pipMA-v6 USDJPY,H1:       --> Expansion: 2119 (e)T:102.730 (e)B:99.533 (e)P:102.730
0	10:07:38.548	pipMA-v6 USDJPY,H1:       --> Top Leg: Trend @2657 (p):102.696
0	10:07:38.548	pipMA-v6 USDJPY,H1:       --> Bottom Leg: Root @2360 (p):99.533
0	10:07:38.548	pipMA-v6 USDJPY,H1:       --> New Inside Reversal
0	10:07:38.548	pipMA-v6 USDJPY,H1:       --> (e)Reversal: New Origin Top & Bottom
0	10:07:38.548	pipMA-v6 USDJPY,H1: After @:  Reversal SHORT
0	10:07:38.548	pipMA-v6 USDJPY,H1:       --> 2803 (o)T:102.647 (o)B:99.533 (o)P:107.484
0	10:07:38.548	pipMA-v6 USDJPY,H1:       --> Trend Top @:2657 102.696 (a) 104.949
0	10:07:38.548	pipMA-v6 USDJPY,H1:       --> Root Bottom @:2360 99.533 (a) 99.533
0	10:07:38.548	pipMA-v6 USDJPY,H1: Before:   Bar Now 1998 2016.09.06 17:00 Major SHORT
0	10:07:38.548	pipMA-v6 USDJPY,H1:       --> Origin: 2803 (o)T:102.647 (o)B:99.533 (o)P:107.484
0	10:07:38.548	pipMA-v6 USDJPY,H1:       --> Expansion: 2046 (e)T:104.312 (e)B:99.533 (e)P:104.312
0	10:07:38.548	pipMA-v6 USDJPY,H1:       --> Top Leg: Trend @2657 (p):102.696
0	10:07:38.548	pipMA-v6 USDJPY,H1:       --> Bottom Leg: Root @2360 (p):99.533
0	10:07:38.548	pipMA-v6 USDJPY,H1:       --> Origin Peg (Divergent)
0	10:07:38.548	pipMA-v6 USDJPY,H1: After @:  Reversal SHORT
0	10:07:38.548	pipMA-v6 USDJPY,H1:       --> 2803 (o)T:104.312 (o)B:99.533 (o)P:107.484
0	10:07:38.548	pipMA-v6 USDJPY,H1:       --> Trend Top @:2657 102.696 (a) 104.949
0	10:07:38.548	pipMA-v6 USDJPY,H1:       --> Root Bottom @:2360 99.533 (a) 99.533
0	10:07:38.548	pipMA-v6 USDJPY,H1: Before:   Bar Now 1744 2016.09.21 07:00 Major SHORT
0	10:07:38.548	pipMA-v6 USDJPY,H1:       --> Origin: 2803 (o)T:104.312 (o)B:99.533 (o)P:107.484
0	10:07:38.548	pipMA-v6 USDJPY,H1:       --> Expansion: 2046 (e)T:104.312 (e)B:99.533 (e)P:104.312
0	10:07:38.548	pipMA-v6 USDJPY,H1:       --> Top Leg: Trend @2657 (p):102.696
0	10:07:38.548	pipMA-v6 USDJPY,H1:       --> Bottom Leg: Root @2360 (p):99.533
0	10:07:38.548	pipMA-v6 USDJPY,H1:       --> Origin Peg (Divergent)
0	10:07:38.548	pipMA-v6 USDJPY,H1: After @:  Reversal SHORT
0	10:07:38.548	pipMA-v6 USDJPY,H1:       --> 2803 (o)T:104.312 (o)B:99.533 (o)P:107.484
0	10:07:38.548	pipMA-v6 USDJPY,H1:       --> Trend Top @:2657 102.696 (a) 104.949
0	10:07:38.548	pipMA-v6 USDJPY,H1:       --> Root Bottom @:2360 99.533 (a) 99.533
0	10:07:38.548	pipMA-v6 USDJPY,H1: Before:   Bar Now 1737 2016.09.21 14:00 Major SHORT
0	10:07:38.548	pipMA-v6 USDJPY,H1:       --> Origin: 2803 (o)T:104.312 (o)B:99.533 (o)P:107.484
0	10:07:38.548	pipMA-v6 USDJPY,H1:       --> Expansion: 2046 (e)T:104.312 (e)B:99.533 (e)P:104.312
0	10:07:38.548	pipMA-v6 USDJPY,H1:       --> Top Leg: Trend @2657 (p):102.696
0	10:07:38.548	pipMA-v6 USDJPY,H1:       --> Bottom Leg: Root @2360 (p):99.533
0	10:07:38.548	pipMA-v6 USDJPY,H1:       --> Origin Peg (Divergent)
0	10:07:38.548	pipMA-v6 USDJPY,H1: After @:  Reversal SHORT
0	10:07:38.548	pipMA-v6 USDJPY,H1:       --> 2803 (o)T:104.312 (o)B:99.533 (o)P:107.484
0	10:07:38.548	pipMA-v6 USDJPY,H1:       --> Trend Top @:2657 102.696 (a) 104.949
0	10:07:38.548	pipMA-v6 USDJPY,H1:       --> Root Bottom @:2360 99.533 (a) 99.533
0	10:07:38.563	pipMA-v6 USDJPY,H1: Before:   Bar Now 1373 2016.10.12 18:00 Major Reversal SHORT
0	10:07:38.563	pipMA-v6 USDJPY,H1:       --> Origin: 2803 (o)T:104.312 (o)B:99.533 (o)P:107.484
0	10:07:38.563	pipMA-v6 USDJPY,H1:       --> Expansion: 1373 (e)T:104.475 (e)B:100.079 (e)P:104.475
0	10:07:38.563	pipMA-v6 USDJPY,H1:       --> Top Leg: Expansion @1373 (p):104.475
0	10:07:38.563	pipMA-v6 USDJPY,H1:       --> Bottom Leg: Prior @2360 (p):99.533
0	10:07:38.563	pipMA-v6 USDJPY,H1:       --> New Inside Reversal
0	10:07:38.563	pipMA-v6 USDJPY,H1:       --> (e)Breakout: New Origin Top OR Bottom
0	10:07:38.563	pipMA-v6 USDJPY,H1: After @:  Reversal SHORT
0	10:07:38.563	pipMA-v6 USDJPY,H1:       --> 2803 (o)T:104.312 (o)B:99.533 (o)P:107.484
0	10:07:38.563	pipMA-v6 USDJPY,H1:       --> Expansion Top @:1373 104.475 (a) 104.475
0	10:07:38.563	pipMA-v6 USDJPY,H1:       --> Prior Bottom @:2360 99.533 (a) 99.533
0	10:07:38.563	pipMA-v6 USDJPY,H1: Before:   Bar Now 1351 2016.10.13 16:00 Major SHORT
0	10:07:38.563	pipMA-v6 USDJPY,H1:       --> Origin: 2803 (o)T:104.312 (o)B:99.533 (o)P:107.484
0	10:07:38.563	pipMA-v6 USDJPY,H1:       --> Expansion: 1364 (e)T:104.628 (e)B:100.079 (e)P:104.628
0	10:07:38.563	pipMA-v6 USDJPY,H1:       --> Top Leg: Expansion @1364 (p):104.628
0	10:07:38.563	pipMA-v6 USDJPY,H1:       --> Bottom Leg: Prior @2360 (p):99.533
0	10:07:38.563	pipMA-v6 USDJPY,H1:       --> Origin Peg (Divergent)
0	10:07:38.563	pipMA-v6 USDJPY,H1: After @:  Reversal SHORT
0	10:07:38.563	pipMA-v6 USDJPY,H1:       --> 2803 (o)T:104.628 (o)B:99.533 (o)P:107.484
0	10:07:38.563	pipMA-v6 USDJPY,H1:       --> Expansion Top @:1364 104.628 (a) 104.628
0	10:07:38.563	pipMA-v6 USDJPY,H1:       --> Prior Bottom @:2360 99.533 (a) 99.533
0	10:07:38.563	pipMA-v6 USDJPY,H1: Before:   Bar Now 1160 2016.10.25 15:00 Major Reversal SHORT
0	10:07:38.563	pipMA-v6 USDJPY,H1:       --> Origin: 2803 (o)T:104.628 (o)B:99.533 (o)P:107.484
0	10:07:38.563	pipMA-v6 USDJPY,H1:       --> Expansion: 1160 (e)T:104.781 (e)B:103.160 (e)P:104.781
0	10:07:38.563	pipMA-v6 USDJPY,H1:       --> Top Leg: Expansion @1160 (p):104.781
0	10:07:38.563	pipMA-v6 USDJPY,H1:       --> Bottom Leg: Trend @2360 (p):99.533
0	10:07:38.563	pipMA-v6 USDJPY,H1:       --> New Inside Reversal
0	10:07:38.563	pipMA-v6 USDJPY,H1:       --> (e)Breakout: New Origin Top OR Bottom
0	10:07:38.563	pipMA-v6 USDJPY,H1: After @:  Reversal SHORT
0	10:07:38.563	pipMA-v6 USDJPY,H1:       --> 2803 (o)T:104.628 (o)B:99.533 (o)P:107.484
0	10:07:38.563	pipMA-v6 USDJPY,H1:       --> Expansion Top @:1160 104.781 (a) 104.781
0	10:07:38.563	pipMA-v6 USDJPY,H1:       --> Trend Bottom @:2360 99.533 (a) 99.533
0	10:07:38.563	pipMA-v6 USDJPY,H1: Before:   Bar Now 1037 2016.11.01 18:00 Major SHORT
0	10:07:38.563	pipMA-v6 USDJPY,H1:       --> Origin: 2803 (o)T:104.628 (o)B:99.533 (o)P:107.484
0	10:07:38.563	pipMA-v6 USDJPY,H1:       --> Expansion: 1085 (e)T:105.525 (e)B:103.160 (e)P:105.525
0	10:07:38.563	pipMA-v6 USDJPY,H1:       --> Top Leg: Expansion @1085 (p):105.525
0	10:07:38.563	pipMA-v6 USDJPY,H1:       --> Bottom Leg: Trend @2360 (p):99.533
0	10:07:38.563	pipMA-v6 USDJPY,H1:       --> Origin Peg (Divergent)
0	10:07:38.563	pipMA-v6 USDJPY,H1: After @:  Reversal SHORT
0	10:07:38.563	pipMA-v6 USDJPY,H1:       --> 2803 (o)T:105.525 (o)B:99.533 (o)P:107.484
0	10:07:38.563	pipMA-v6 USDJPY,H1:       --> Expansion Top @:1085 105.525 (a) 105.525
0	10:07:38.563	pipMA-v6 USDJPY,H1:       --> Trend Bottom @:2360 99.533 (a) 99.533
0	10:07:38.563	pipMA-v6 USDJPY,H1: Before:   Bar Now 1017 2016.11.02 14:00 Major Reversal SHORT
0	10:07:38.563	pipMA-v6 USDJPY,H1:       --> Origin: 2803 (o)T:105.525 (o)B:99.533 (o)P:107.484
0	10:07:38.563	pipMA-v6 USDJPY,H1:       --> Expansion: 1017 (e)T:105.525 (e)B:103.084 (e)P:103.084
0	10:07:38.563	pipMA-v6 USDJPY,H1:       --> Top Leg: Root @1085 (p):105.525
0	10:07:38.563	pipMA-v6 USDJPY,H1:       --> Bottom Leg: Trend @2046 (p):104.312
0	10:07:38.563	pipMA-v6 USDJPY,H1:       --> New Inside Reversal
0	10:07:38.563	pipMA-v6 USDJPY,H1:       --> (e)Reversal: New Origin Top & Bottom
0	10:07:38.563	pipMA-v6 USDJPY,H1: After @:  Reversal SHORT
0	10:07:38.563	pipMA-v6 USDJPY,H1:       --> 2803 (o)T:105.525 (o)B:103.160 (o)P:107.484
0	10:07:38.563	pipMA-v6 USDJPY,H1:       --> Root Top @:1085 105.525 (a) 105.525
0	10:07:38.563	pipMA-v6 USDJPY,H1:       --> Trend Bottom @:2046 104.312 (a) 99.533
0	10:07:38.563	pipMA-v6 USDJPY,H1: Before:   Bar Now 959 2016.11.07 00:00 Major SHORT
0	10:07:38.563	pipMA-v6 USDJPY,H1:       --> Origin: 2803 (o)T:105.525 (o)B:103.160 (o)P:107.484
0	10:07:38.563	pipMA-v6 USDJPY,H1:       --> Expansion: 1002 (e)T:105.525 (e)B:102.541 (e)P:102.541
0	10:07:38.563	pipMA-v6 USDJPY,H1:       --> Top Leg: Root @1085 (p):105.525
0	10:07:38.563	pipMA-v6 USDJPY,H1:       --> Bottom Leg: Trend @2046 (p):104.312
0	10:07:38.563	pipMA-v6 USDJPY,H1:       --> Origin Peg (Divergent)
0	10:07:38.563	pipMA-v6 USDJPY,H1: After @:  Reversal SHORT
0	10:07:38.563	pipMA-v6 USDJPY,H1:       --> 2803 (o)T:105.525 (o)B:102.541 (o)P:107.484
0	10:07:38.563	pipMA-v6 USDJPY,H1:       --> Root Top @:1085 105.525 (a) 105.525
0	10:07:38.563	pipMA-v6 USDJPY,H1:       --> Trend Bottom @:2046 104.312 (a) 99.533
0	10:07:38.563	pipMA-v6 USDJPY,H1: Before:   Bar Now 907 2016.11.09 04:00 Origin SHORT
0	10:07:38.563	pipMA-v6 USDJPY,H1:       --> Origin: 2803 (o)T:105.525 (o)B:102.541 (o)P:107.484
0	10:07:38.563	pipMA-v6 USDJPY,H1:       --> Expansion: 907 (e)T:105.460 (e)B:102.054 (e)P:102.054
0	10:07:38.563	pipMA-v6 USDJPY,H1:       --> Top Leg: Prior @1085 (p):105.525
0	10:07:38.563	pipMA-v6 USDJPY,H1:       --> Bottom Leg: Trend @1364 (p):104.628
0	10:07:38.563	pipMA-v6 USDJPY,H1:       --> New Origin
0	10:07:38.563	pipMA-v6 USDJPY,H1:       --> Origin Breakout
0	10:07:38.563	pipMA-v6 USDJPY,H1:       --> (e)Breakout: New Origin Top OR Bottom
0	10:07:38.563	pipMA-v6 USDJPY,H1: After @:  Breakout SHORT
0	10:07:38.563	pipMA-v6 USDJPY,H1:       --> 2803 (o)T:105.525 (o)B:102.541 (o)P:107.484
0	10:07:38.563	pipMA-v6 USDJPY,H1:       --> Prior Top @:1085 105.525 (a) 105.525
0	10:07:38.563	pipMA-v6 USDJPY,H1:       --> Trend Bottom @:1364 104.628 (a) 100.079
0	10:07:38.563	pipMA-v6 USDJPY,H1: Before:   Bar Now 903 2016.11.09 08:00 Major SHORT
0	10:07:38.563	pipMA-v6 USDJPY,H1:       --> Origin: 2803 (o)T:105.525 (o)B:102.541 (o)P:107.484
0	10:07:38.563	pipMA-v6 USDJPY,H1:       --> Expansion: 904 (e)T:105.460 (e)B:101.184 (e)P:101.184
0	10:07:38.563	pipMA-v6 USDJPY,H1:       --> Top Leg: Prior @1085 (p):105.525
0	10:07:38.563	pipMA-v6 USDJPY,H1:       --> Bottom Leg: Trend @1364 (p):104.628
0	10:07:38.563	pipMA-v6 USDJPY,H1:       --> Origin Peg (Divergent)
0	10:07:38.563	pipMA-v6 USDJPY,H1: After @:  Breakout SHORT
0	10:07:38.563	pipMA-v6 USDJPY,H1:       --> 2803 (o)T:105.525 (o)B:101.184 (o)P:107.484
0	10:07:38.563	pipMA-v6 USDJPY,H1:       --> Prior Top @:1085 105.525 (a) 105.525
0	10:07:38.563	pipMA-v6 USDJPY,H1:       --> Trend Bottom @:1364 104.628 (a) 100.079
0	10:07:38.563	pipMA-v6 USDJPY,H1: Before:   Bar Now 891 2016.11.09 20:00 Major Reversal SHORT
0	10:07:38.563	pipMA-v6 USDJPY,H1:       --> Origin: 2803 (o)T:105.525 (o)B:101.184 (o)P:107.484
0	10:07:38.563	pipMA-v6 USDJPY,H1:       --> Expansion: 891 (e)T:105.791 (e)B:101.184 (e)P:105.791
0	10:07:38.563	pipMA-v6 USDJPY,H1:       --> Top Leg: Expansion @891 (p):105.791
0	10:07:38.563	pipMA-v6 USDJPY,H1:       --> Bottom Leg: Root @904 (p):101.184
0	10:07:38.563	pipMA-v6 USDJPY,H1:       --> New Inside Reversal
0	10:07:38.563	pipMA-v6 USDJPY,H1:       --> (e)Reversal: New Origin Top & Bottom
0	10:07:38.563	pipMA-v6 USDJPY,H1: After @:  Reversal SHORT
0	10:07:38.563	pipMA-v6 USDJPY,H1:       --> 2803 (o)T:105.460 (o)B:101.184 (o)P:107.484
0	10:07:38.563	pipMA-v6 USDJPY,H1:       --> Expansion Top @:891 105.791 (a) 105.791
0	10:07:38.563	pipMA-v6 USDJPY,H1:       --> Root Bottom @:904 101.184 (a) 101.184
0	10:07:38.563	pipMA-v6 USDJPY,H1: Before:   Bar Now 836 2016.11.14 03:00 Origin SHORT
0	10:07:38.563	pipMA-v6 USDJPY,H1:       --> Origin: 2803 (o)T:105.460 (o)B:101.184 (o)P:107.484
0	10:07:38.563	pipMA-v6 USDJPY,H1:       --> Expansion: 836 (e)T:107.585 (e)B:101.184 (e)P:107.585
0	10:07:38.563	pipMA-v6 USDJPY,H1:       --> Top Leg: Expansion @836 (p):107.585
0	10:07:38.563	pipMA-v6 USDJPY,H1:       --> Bottom Leg: Root @904 (p):101.184
0	10:07:38.563	pipMA-v6 USDJPY,H1:       --> New Origin
0	10:07:38.563	pipMA-v6 USDJPY,H1:       --> Origin Reversal
0	10:07:38.563	pipMA-v6 USDJPY,H1: After @:  Reversal LONG
0	10:07:38.563	pipMA-v6 USDJPY,H1:       --> 904 (o)T:105.460 (o)B:101.184 (o)P:101.184
0	10:07:38.563	pipMA-v6 USDJPY,H1:       --> Expansion Top @:836 107.585 (a) 107.585
0	10:07:38.563	pipMA-v6 USDJPY,H1:       --> Root Bottom @:904 101.184 (a) 101.184
0	10:07:38.563	pipMA-v6 USDJPY,H1: Before:   Bar Now 764 2016.11.17 03:00 Major LONG
0	10:07:38.563	pipMA-v6 USDJPY,H1:       --> Origin: 904 (o)T:105.460 (o)B:101.184 (o)P:101.184
0	10:07:38.563	pipMA-v6 USDJPY,H1:       --> Expansion: 778 (e)T:109.748 (e)B:101.184 (e)P:109.748
0	10:07:38.563	pipMA-v6 USDJPY,H1:       --> Top Leg: Expansion @778 (p):109.748
0	10:07:38.563	pipMA-v6 USDJPY,H1:       --> Bottom Leg: Root @904 (p):101.184
0	10:07:38.563	pipMA-v6 USDJPY,H1:       --> Origin Peg (Divergent)
0	10:07:38.563	pipMA-v6 USDJPY,H1: After @:  Reversal LONG
0	10:07:38.563	pipMA-v6 USDJPY,H1:       --> 904 (o)T:109.748 (o)B:101.184 (o)P:101.184
0	10:07:38.563	pipMA-v6 USDJPY,H1:       --> Expansion Top @:778 109.748 (a) 109.748
0	10:07:38.563	pipMA-v6 USDJPY,H1:       --> Root Bottom @:904 101.184 (a) 101.184
0	10:07:38.563	pipMA-v6 USDJPY,H1: Before:   Bar Now 748 2016.11.17 19:00 Origin LONG
0	10:07:38.563	pipMA-v6 USDJPY,H1:       --> Origin: 904 (o)T:109.748 (o)B:101.184 (o)P:101.184
0	10:07:38.563	pipMA-v6 USDJPY,H1:       --> Expansion: 748 (e)T:109.867 (e)B:108.545 (e)P:109.867
0	10:07:38.563	pipMA-v6 USDJPY,H1:       --> Top Leg: Expansion @748 (p):109.867
0	10:07:38.563	pipMA-v6 USDJPY,H1:       --> Bottom Leg: Prior @904 (p):101.184
0	10:07:38.563	pipMA-v6 USDJPY,H1:       --> New Origin
0	10:07:38.563	pipMA-v6 USDJPY,H1:       --> Origin Breakout
0	10:07:38.563	pipMA-v6 USDJPY,H1:       --> (e)Breakout: New Origin Top OR Bottom
0	10:07:38.563	pipMA-v6 USDJPY,H1: After @:  Breakout LONG
0	10:07:38.563	pipMA-v6 USDJPY,H1:       --> 904 (o)T:109.748 (o)B:101.184 (o)P:101.184
0	10:07:38.563	pipMA-v6 USDJPY,H1:       --> Expansion Top @:748 109.867 (a) 109.867
0	10:07:38.563	pipMA-v6 USDJPY,H1:       --> Prior Bottom @:904 101.184 (a) 101.184
0	10:07:38.579	pipMA-v6 USDJPY,H1: Before:   Bar Now 613 2016.11.25 10:00 Major LONG
0	10:07:38.579	pipMA-v6 USDJPY,H1:       --> Origin: 904 (o)T:109.748 (o)B:101.184 (o)P:101.184
0	10:07:38.579	pipMA-v6 USDJPY,H1:       --> Expansion: 620 (e)T:113.890 (e)B:108.545 (e)P:113.890
0	10:07:38.579	pipMA-v6 USDJPY,H1:       --> Top Leg: Expansion @620 (p):113.890
0	10:07:38.579	pipMA-v6 USDJPY,H1:       --> Bottom Leg: Prior @904 (p):101.184
0	10:07:38.579	pipMA-v6 USDJPY,H1:       --> Origin Peg (Divergent)
0	10:07:38.579	pipMA-v6 USDJPY,H1: After @:  Breakout LONG
0	10:07:38.579	pipMA-v6 USDJPY,H1:       --> 904 (o)T:113.890 (o)B:101.184 (o)P:101.184
0	10:07:38.579	pipMA-v6 USDJPY,H1:       --> Expansion Top @:620 113.890 (a) 113.890
0	10:07:38.579	pipMA-v6 USDJPY,H1:       --> Prior Bottom @:904 101.184 (a) 101.184
0	10:07:38.579	pipMA-v6 USDJPY,H1: Before:   Bar Now 534 2016.11.30 17:00 Origin LONG
0	10:07:38.579	pipMA-v6 USDJPY,H1:       --> Origin: 904 (o)T:113.890 (o)B:101.184 (o)P:101.184
0	10:07:38.579	pipMA-v6 USDJPY,H1:       --> Expansion: 534 (e)T:113.948 (e)B:111.351 (e)P:113.948
0	10:07:38.579	pipMA-v6 USDJPY,H1:       --> Top Leg: Expansion @534 (p):113.948
0	10:07:38.579	pipMA-v6 USDJPY,H1:       --> Bottom Leg: Trend @904 (p):101.184
0	10:07:38.579	pipMA-v6 USDJPY,H1:       --> New Origin
0	10:07:38.579	pipMA-v6 USDJPY,H1:       --> Origin Breakout
0	10:07:38.579	pipMA-v6 USDJPY,H1:       --> (e)Breakout: New Origin Top OR Bottom
0	10:07:38.579	pipMA-v6 USDJPY,H1: After @:  Breakout LONG
0	10:07:38.579	pipMA-v6 USDJPY,H1:       --> 904 (o)T:113.890 (o)B:101.184 (o)P:101.184
0	10:07:38.579	pipMA-v6 USDJPY,H1:       --> Expansion Top @:534 113.948 (a) 113.948
0	10:07:38.579	pipMA-v6 USDJPY,H1:       --> Trend Bottom @:904 101.184 (a) 101.184
0	10:07:38.579	pipMA-v6 USDJPY,H1: Before:   Bar Now 500 2016.12.02 03:00 Major LONG
0	10:07:38.579	pipMA-v6 USDJPY,H1:       --> Origin: 904 (o)T:113.890 (o)B:101.184 (o)P:101.184
0	10:07:38.579	pipMA-v6 USDJPY,H1:       --> Expansion: 526 (e)T:114.818 (e)B:111.351 (e)P:114.818
0	10:07:38.579	pipMA-v6 USDJPY,H1:       --> Top Leg: Expansion @526 (p):114.818
0	10:07:38.579	pipMA-v6 USDJPY,H1:       --> Bottom Leg: Trend @904 (p):101.184
0	10:07:38.579	pipMA-v6 USDJPY,H1:       --> Origin Peg (Divergent)
0	10:07:38.579	pipMA-v6 USDJPY,H1: After @:  Breakout LONG
0	10:07:38.579	pipMA-v6 USDJPY,H1:       --> 904 (o)T:114.818 (o)B:101.184 (o)P:101.184
0	10:07:38.579	pipMA-v6 USDJPY,H1:       --> Expansion Top @:526 114.818 (a) 114.818
0	10:07:38.579	pipMA-v6 USDJPY,H1:       --> Trend Bottom @:904 101.184 (a) 101.184
0	10:07:38.579	pipMA-v6 USDJPY,H1: Before:   Bar Now 370 2016.12.09 13:00 Origin LONG
0	10:07:38.579	pipMA-v6 USDJPY,H1:       --> Origin: 904 (o)T:114.818 (o)B:101.184 (o)P:101.184
0	10:07:38.579	pipMA-v6 USDJPY,H1:       --> Expansion: 370 (e)T:114.969 (e)B:112.869 (e)P:114.969
0	10:07:38.579	pipMA-v6 USDJPY,H1:       --> Top Leg: Expansion @370 (p):114.969
0	10:07:38.579	pipMA-v6 USDJPY,H1:       --> Bottom Leg: Trend @764 (p):108.545
0	10:07:38.579	pipMA-v6 USDJPY,H1:       --> New Origin
0	10:07:38.579	pipMA-v6 USDJPY,H1:       --> Origin Breakout
0	10:07:38.579	pipMA-v6 USDJPY,H1:       --> (e)Breakout: New Origin Top OR Bottom
0	10:07:38.579	pipMA-v6 USDJPY,H1: After @:  Breakout LONG
0	10:07:38.579	pipMA-v6 USDJPY,H1:       --> 904 (o)T:114.818 (o)B:101.184 (o)P:101.184
0	10:07:38.579	pipMA-v6 USDJPY,H1:       --> Expansion Top @:370 114.969 (a) 114.969
0	10:07:38.579	pipMA-v6 USDJPY,H1:       --> Trend Bottom @:764 108.545 (a) 108.545
0	10:07:38.579	pipMA-v6 USDJPY,H1: Before:   Bar Now 340 2016.12.12 19:00 Major LONG
0	10:07:38.579	pipMA-v6 USDJPY,H1:       --> Origin: 904 (o)T:114.818 (o)B:101.184 (o)P:101.184
0	10:07:38.579	pipMA-v6 USDJPY,H1:       --> Expansion: 349 (e)T:116.116 (e)B:112.869 (e)P:116.116
0	10:07:38.579	pipMA-v6 USDJPY,H1:       --> Top Leg: Expansion @349 (p):116.116
0	10:07:38.579	pipMA-v6 USDJPY,H1:       --> Bottom Leg: Trend @764 (p):108.545
0	10:07:38.579	pipMA-v6 USDJPY,H1:       --> Origin Peg (Divergent)
0	10:07:38.579	pipMA-v6 USDJPY,H1: After @:  Breakout LONG
0	10:07:38.579	pipMA-v6 USDJPY,H1:       --> 904 (o)T:116.116 (o)B:101.184 (o)P:101.184
0	10:07:38.579	pipMA-v6 USDJPY,H1:       --> Expansion Top @:349 116.116 (a) 116.116
0	10:07:38.579	pipMA-v6 USDJPY,H1:       --> Trend Bottom @:764 108.545 (a) 108.545
0	10:07:38.579	pipMA-v6 USDJPY,H1: Before:   Bar Now 290 2016.12.14 21:00 Origin LONG
0	10:07:38.579	pipMA-v6 USDJPY,H1:       --> Origin: 904 (o)T:116.116 (o)B:101.184 (o)P:101.184
0	10:07:38.579	pipMA-v6 USDJPY,H1:       --> Expansion: 290 (e)T:116.422 (e)B:114.732 (e)P:116.422
0	10:07:38.579	pipMA-v6 USDJPY,H1:       --> Top Leg: Expansion @290 (p):116.422
0	10:07:38.579	pipMA-v6 USDJPY,H1:       --> Bottom Leg: Trend @595 (p):111.351
0	10:07:38.579	pipMA-v6 USDJPY,H1:       --> New Origin
0	10:07:38.579	pipMA-v6 USDJPY,H1:       --> Origin Breakout
0	10:07:38.579	pipMA-v6 USDJPY,H1:       --> (e)Breakout: New Origin Top OR Bottom
0	10:07:38.579	pipMA-v6 USDJPY,H1: After @:  Breakout LONG
0	10:07:38.579	pipMA-v6 USDJPY,H1:       --> 904 (o)T:116.116 (o)B:101.184 (o)P:101.184
0	10:07:38.579	pipMA-v6 USDJPY,H1:       --> Expansion Top @:290 116.422 (a) 116.422
0	10:07:38.579	pipMA-v6 USDJPY,H1:       --> Trend Bottom @:595 111.351 (a) 111.351
0	10:07:38.579	pipMA-v6 USDJPY,H1: Before:   Bar Now 236 2016.12.19 03:00 Major LONG
0	10:07:38.579	pipMA-v6 USDJPY,H1:       --> Origin: 904 (o)T:116.116 (o)B:101.184 (o)P:101.184
0	10:07:38.579	pipMA-v6 USDJPY,H1:       --> Expansion: 274 (e)T:118.656 (e)B:114.732 (e)P:118.656
0	10:07:38.579	pipMA-v6 USDJPY,H1:       --> Top Leg: Expansion @274 (p):118.656
0	10:07:38.579	pipMA-v6 USDJPY,H1:       --> Bottom Leg: Trend @595 (p):111.351
0	10:07:38.579	pipMA-v6 USDJPY,H1:       --> Origin Peg (Divergent)
0	10:07:38.579	pipMA-v6 USDJPY,H1: After @:  Breakout LONG
0	10:07:38.579	pipMA-v6 USDJPY,H1:       --> 904 (o)T:118.656 (o)B:101.184 (o)P:101.184
0	10:07:38.579	pipMA-v6 USDJPY,H1:       --> Expansion Top @:274 118.656 (a) 118.656
0	10:07:38.579	pipMA-v6 USDJPY,H1:       --> Trend Bottom @:595 111.351 (a) 111.351
0	10:07:38.579	pipMA-v6 USDJPY,H1: Before:   Bar Now 39 2016.12.29 08:00 Major LONG
0	10:07:38.579	pipMA-v6 USDJPY,H1:       --> Origin: 904 (o)T:118.656 (o)B:101.184 (o)P:101.184
0	10:07:38.579	pipMA-v6 USDJPY,H1:       --> Expansion: 274 (e)T:118.656 (e)B:114.732 (e)P:118.656
0	10:07:38.579	pipMA-v6 USDJPY,H1:       --> Top Leg: Expansion @274 (p):118.656
0	10:07:38.579	pipMA-v6 USDJPY,H1:       --> Bottom Leg: Trend @595 (p):111.351
0	10:07:38.579	pipMA-v6 USDJPY,H1:       --> Origin Peg (Divergent)
0	10:07:38.579	pipMA-v6 USDJPY,H1: After @:  Breakout LONG
0	10:07:38.579	pipMA-v6 USDJPY,H1:       --> 904 (o)T:118.656 (o)B:101.184 (o)P:101.184
0	10:07:38.579	pipMA-v6 USDJPY,H1:       --> Expansion Top @:274 118.656 (a) 118.656
0	10:07:38.579	pipMA-v6 USDJPY,H1:       --> Trend Bottom @:595 111.351 (a) 111.351
0	10:07:38.579	pipMA-v6 USDJPY,H1: initialized
